/home/i0179/lib/python3.10/site-packages/requests/__init__.py:86: RequestsDependencyWarning: Unable to find acceptable character detection dependency (chardet or charset_normalizer).
  warnings.warn(
2025-10-21 16:31:35,511 - INFO - 제품 ID 수집 시작...
2025-10-21 16:31:36,036 - INFO - 페이지 1: 40개 제품 발견 (총 40개)
2025-10-21 16:31:36,951 - INFO - 페이지 2: 40개 제품 발견 (총 80개)
2025-10-21 16:31:37,881 - INFO - 페이지 3: 40개 제품 발견 (총 120개)
2025-10-21 16:31:38,828 - INFO - 페이지 4: 40개 제품 발견 (총 160개)
2025-10-21 16:31:39,743 - INFO - 페이지 5: 40개 제품 발견 (총 200개)
2025-10-21 16:31:40,640 - INFO - 페이지 6: 40개 제품 발견 (총 240개)
2025-10-21 16:31:41,591 - INFO - 페이지 7: 40개 제품 발견 (총 280개)
2025-10-21 16:31:42,505 - INFO - 페이지 8: 40개 제품 발견 (총 320개)
2025-10-21 16:31:43,425 - INFO - 페이지 9: 40개 제품 발견 (총 360개)
2025-10-21 16:31:44,327 - INFO - 페이지 10: 40개 제품 발견 (총 400개)
2025-10-21 16:31:45,238 - INFO - 페이지 11: 40개 제품 발견 (총 440개)
2025-10-21 16:31:46,183 - INFO - 페이지 12: 40개 제품 발견 (총 480개)
2025-10-21 16:31:47,106 - INFO - 페이지 13: 40개 제품 발견 (총 520개)
2025-10-21 16:31:48,238 - INFO - 페이지 14: 40개 제품 발견 (총 560개)
2025-10-21 16:31:49,223 - INFO - 페이지 15: 40개 제품 발견 (총 600개)
2025-10-21 16:31:50,284 - INFO - 페이지 16: 40개 제품 발견 (총 640개)
2025-10-21 16:31:51,235 - INFO - 페이지 17: 40개 제품 발견 (총 680개)
2025-10-21 16:31:52,212 - INFO - 페이지 18: 40개 제품 발견 (총 720개)
2025-10-21 16:31:53,227 - INFO - 페이지 19: 40개 제품 발견 (총 760개)
2025-10-21 16:31:54,235 - INFO - 페이지 20: 40개 제품 발견 (총 800개)
2025-10-21 16:31:55,218 - INFO - 페이지 21: 40개 제품 발견 (총 840개)
2025-10-21 16:31:56,201 - INFO - 페이지 22: 40개 제품 발견 (총 880개)
2025-10-21 16:31:57,247 - INFO - 페이지 23: 40개 제품 발견 (총 920개)
2025-10-21 16:31:58,216 - INFO - 페이지 24: 40개 제품 발견 (총 960개)
2025-10-21 16:31:59,204 - INFO - 페이지 25: 40개 제품 발견 (총 1000개)
2025-10-21 16:32:00,174 - INFO - 페이지 26: 40개 제품 발견 (총 1040개)
2025-10-21 16:32:01,142 - INFO - 페이지 27: 40개 제품 발견 (총 1080개)
2025-10-21 16:32:02,057 - INFO - 페이지 28: 40개 제품 발견 (총 1120개)
2025-10-21 16:32:02,996 - INFO - 페이지 29: 40개 제품 발견 (총 1160개)
2025-10-21 16:32:03,906 - INFO - 페이지 30: 40개 제품 발견 (총 1200개)
2025-10-21 16:32:04,809 - INFO - 페이지 31: 40개 제품 발견 (총 1240개)
2025-10-21 16:32:05,715 - INFO - 페이지 32: 40개 제품 발견 (총 1280개)
2025-10-21 16:32:06,628 - INFO - 페이지 33: 40개 제품 발견 (총 1320개)
2025-10-21 16:32:07,551 - INFO - 페이지 34: 40개 제품 발견 (총 1360개)
2025-10-21 16:32:08,454 - INFO - 페이지 35: 40개 제품 발견 (총 1400개)
2025-10-21 16:32:09,384 - INFO - 페이지 36: 40개 제품 발견 (총 1440개)
2025-10-21 16:32:10,324 - INFO - 페이지 37: 40개 제품 발견 (총 1480개)
2025-10-21 16:32:11,281 - INFO - 페이지 38: 40개 제품 발견 (총 1520개)
2025-10-21 16:32:12,250 - INFO - 페이지 39: 40개 제품 발견 (총 1560개)
2025-10-21 16:32:13,155 - INFO - 페이지 40: 40개 제품 발견 (총 1600개)
2025-10-21 16:32:14,103 - INFO - 페이지 41: 40개 제품 발견 (총 1640개)
2025-10-21 16:32:15,021 - INFO - 페이지 42: 40개 제품 발견 (총 1680개)
2025-10-21 16:32:15,951 - INFO - 페이지 43: 40개 제품 발견 (총 1720개)
2025-10-21 16:32:16,864 - INFO - 페이지 44: 40개 제품 발견 (총 1760개)
2025-10-21 16:32:17,782 - INFO - 페이지 45: 40개 제품 발견 (총 1800개)
2025-10-21 16:32:18,773 - INFO - 페이지 46: 40개 제품 발견 (총 1840개)
2025-10-21 16:32:19,739 - INFO - 페이지 47: 40개 제품 발견 (총 1880개)
2025-10-21 16:32:20,684 - INFO - 페이지 48: 40개 제품 발견 (총 1920개)
2025-10-21 16:32:21,621 - INFO - 페이지 49: 40개 제품 발견 (총 1960개)
2025-10-21 16:32:22,586 - INFO - 페이지 50: 40개 제품 발견 (총 2000개)
2025-10-21 16:32:23,501 - INFO - 페이지 51: 40개 제품 발견 (총 2040개)
2025-10-21 16:32:24,428 - INFO - 페이지 52: 40개 제품 발견 (총 2080개)
2025-10-21 16:32:25,366 - INFO - 페이지 53: 40개 제품 발견 (총 2120개)
2025-10-21 16:32:26,266 - INFO - 페이지 54: 40개 제품 발견 (총 2160개)
2025-10-21 16:32:27,207 - INFO - 페이지 55: 40개 제품 발견 (총 2200개)
2025-10-21 16:32:28,216 - INFO - 페이지 56: 40개 제품 발견 (총 2240개)
2025-10-21 16:32:29,138 - INFO - 페이지 57: 40개 제품 발견 (총 2280개)
2025-10-21 16:32:30,055 - INFO - 페이지 58: 40개 제품 발견 (총 2320개)
2025-10-21 16:32:31,039 - INFO - 페이지 59: 40개 제품 발견 (총 2360개)
2025-10-21 16:32:31,998 - INFO - 페이지 60: 40개 제품 발견 (총 2400개)
2025-10-21 16:32:32,943 - INFO - 페이지 61: 40개 제품 발견 (총 2440개)
2025-10-21 16:32:33,938 - INFO - 페이지 62: 40개 제품 발견 (총 2480개)
2025-10-21 16:32:34,938 - INFO - 페이지 63: 40개 제품 발견 (총 2520개)
2025-10-21 16:32:35,884 - INFO - 페이지 64: 40개 제품 발견 (총 2560개)
2025-10-21 16:32:36,829 - INFO - 페이지 65: 40개 제품 발견 (총 2600개)
2025-10-21 16:32:37,796 - INFO - 페이지 66: 40개 제품 발견 (총 2640개)
2025-10-21 16:32:38,741 - INFO - 페이지 67: 40개 제품 발견 (총 2680개)
2025-10-21 16:32:39,690 - INFO - 페이지 68: 40개 제품 발견 (총 2720개)
2025-10-21 16:32:40,624 - INFO - 페이지 69: 40개 제품 발견 (총 2760개)
2025-10-21 16:32:41,556 - INFO - 페이지 70: 40개 제품 발견 (총 2800개)
2025-10-21 16:32:42,525 - INFO - 페이지 71: 40개 제품 발견 (총 2840개)
2025-10-21 16:32:43,496 - INFO - 페이지 72: 40개 제품 발견 (총 2880개)
2025-10-21 16:32:44,418 - INFO - 페이지 73: 40개 제품 발견 (총 2920개)
2025-10-21 16:32:45,360 - INFO - 페이지 74: 40개 제품 발견 (총 2960개)
2025-10-21 16:32:46,273 - INFO - 페이지 75: 40개 제품 발견 (총 3000개)
2025-10-21 16:32:47,174 - INFO - 페이지 76: 40개 제품 발견 (총 3040개)
2025-10-21 16:32:48,116 - INFO - 페이지 77: 40개 제품 발견 (총 3080개)
2025-10-21 16:32:49,032 - INFO - 페이지 78: 40개 제품 발견 (총 3120개)
2025-10-21 16:32:49,940 - INFO - 페이지 79: 40개 제품 발견 (총 3160개)
2025-10-21 16:32:50,872 - INFO - 페이지 80: 40개 제품 발견 (총 3200개)
2025-10-21 16:32:51,790 - INFO - 페이지 81: 40개 제품 발견 (총 3240개)
2025-10-21 16:32:52,728 - INFO - 페이지 82: 40개 제품 발견 (총 3280개)
2025-10-21 16:32:53,641 - INFO - 페이지 83: 40개 제품 발견 (총 3320개)
2025-10-21 16:32:54,588 - INFO - 페이지 84: 40개 제품 발견 (총 3360개)
2025-10-21 16:32:55,512 - INFO - 페이지 85: 40개 제품 발견 (총 3400개)
2025-10-21 16:32:56,450 - INFO - 페이지 86: 40개 제품 발견 (총 3440개)
2025-10-21 16:32:57,361 - INFO - 페이지 87: 40개 제품 발견 (총 3480개)
2025-10-21 16:32:58,347 - INFO - 페이지 88: 40개 제품 발견 (총 3520개)
2025-10-21 16:32:59,298 - INFO - 페이지 89: 40개 제품 발견 (총 3560개)
2025-10-21 16:33:00,207 - INFO - 페이지 90: 40개 제품 발견 (총 3600개)
2025-10-21 16:33:01,114 - INFO - 페이지 91: 40개 제품 발견 (총 3640개)
2025-10-21 16:33:02,015 - INFO - 페이지 92: 40개 제품 발견 (총 3680개)
2025-10-21 16:33:02,907 - INFO - 페이지 93: 40개 제품 발견 (총 3720개)
2025-10-21 16:33:03,828 - INFO - 페이지 94: 40개 제품 발견 (총 3760개)
2025-10-21 16:33:04,745 - INFO - 페이지 95: 40개 제품 발견 (총 3800개)
2025-10-21 16:33:05,667 - INFO - 페이지 96: 40개 제품 발견 (총 3840개)
2025-10-21 16:33:06,588 - INFO - 페이지 97: 40개 제품 발견 (총 3880개)
2025-10-21 16:33:07,526 - INFO - 페이지 98: 40개 제품 발견 (총 3920개)
2025-10-21 16:33:08,454 - INFO - 페이지 99: 40개 제품 발견 (총 3960개)
2025-10-21 16:33:09,372 - INFO - 페이지 100: 40개 제품 발견 (총 4000개)
2025-10-21 16:33:10,396 - INFO - 페이지 101: 40개 제품 발견 (총 4040개)
2025-10-21 16:33:11,306 - INFO - 페이지 102: 40개 제품 발견 (총 4080개)
2025-10-21 16:33:12,260 - INFO - 페이지 103: 40개 제품 발견 (총 4120개)
2025-10-21 16:33:13,274 - INFO - 페이지 104: 40개 제품 발견 (총 4160개)
2025-10-21 16:33:14,279 - INFO - 페이지 105: 40개 제품 발견 (총 4200개)
2025-10-21 16:33:15,198 - INFO - 페이지 106: 40개 제품 발견 (총 4240개)
2025-10-21 16:33:16,136 - INFO - 페이지 107: 40개 제품 발견 (총 4280개)
2025-10-21 16:33:17,068 - INFO - 페이지 108: 40개 제품 발견 (총 4320개)
2025-10-21 16:33:17,984 - INFO - 페이지 109: 40개 제품 발견 (총 4360개)
2025-10-21 16:33:18,891 - INFO - 페이지 110: 40개 제품 발견 (총 4400개)
2025-10-21 16:33:19,827 - INFO - 페이지 111: 40개 제품 발견 (총 4440개)
2025-10-21 16:33:20,730 - INFO - 페이지 112: 40개 제품 발견 (총 4480개)
2025-10-21 16:33:21,644 - INFO - 페이지 113: 40개 제품 발견 (총 4520개)
2025-10-21 16:33:22,556 - INFO - 페이지 114: 40개 제품 발견 (총 4560개)
2025-10-21 16:33:23,460 - INFO - 페이지 115: 40개 제품 발견 (총 4600개)
2025-10-21 16:33:24,353 - INFO - 페이지 116: 40개 제품 발견 (총 4640개)
2025-10-21 16:33:25,274 - INFO - 페이지 117: 40개 제품 발견 (총 4680개)
2025-10-21 16:33:26,173 - INFO - 페이지 118: 40개 제품 발견 (총 4720개)
2025-10-21 16:33:27,089 - INFO - 페이지 119: 40개 제품 발견 (총 4760개)
2025-10-21 16:33:28,020 - INFO - 페이지 120: 40개 제품 발견 (총 4800개)
2025-10-21 16:33:28,972 - INFO - 페이지 121: 40개 제품 발견 (총 4840개)
2025-10-21 16:33:29,892 - INFO - 페이지 122: 40개 제품 발견 (총 4880개)
2025-10-21 16:33:30,803 - INFO - 페이지 123: 40개 제품 발견 (총 4920개)
2025-10-21 16:33:31,706 - INFO - 페이지 124: 40개 제품 발견 (총 4960개)
2025-10-21 16:33:32,620 - INFO - 페이지 125: 40개 제품 발견 (총 5000개)
2025-10-21 16:33:33,533 - INFO - 페이지 126: 40개 제품 발견 (총 5040개)
2025-10-21 16:33:34,439 - INFO - 페이지 127: 40개 제품 발견 (총 5080개)
2025-10-21 16:33:35,353 - INFO - 페이지 128: 40개 제품 발견 (총 5120개)
2025-10-21 16:33:36,280 - INFO - 페이지 129: 40개 제품 발견 (총 5160개)
2025-10-21 16:33:37,201 - INFO - 페이지 130: 40개 제품 발견 (총 5200개)
2025-10-21 16:33:38,104 - INFO - 페이지 131: 40개 제품 발견 (총 5240개)
2025-10-21 16:33:39,003 - INFO - 페이지 132: 40개 제품 발견 (총 5280개)
2025-10-21 16:33:39,890 - INFO - 페이지 133: 40개 제품 발견 (총 5320개)
2025-10-21 16:33:40,781 - INFO - 페이지 134: 40개 제품 발견 (총 5360개)
2025-10-21 16:33:41,717 - INFO - 페이지 135: 40개 제품 발견 (총 5400개)
2025-10-21 16:33:42,633 - INFO - 페이지 136: 40개 제품 발견 (총 5440개)
2025-10-21 16:33:43,599 - INFO - 페이지 137: 40개 제품 발견 (총 5480개)
2025-10-21 16:33:44,501 - INFO - 페이지 138: 40개 제품 발견 (총 5520개)
2025-10-21 16:33:45,398 - INFO - 페이지 139: 40개 제품 발견 (총 5560개)
2025-10-21 16:33:46,299 - INFO - 페이지 140: 40개 제품 발견 (총 5600개)
2025-10-21 16:33:47,251 - INFO - 페이지 141: 40개 제품 발견 (총 5640개)
2025-10-21 16:33:48,161 - INFO - 페이지 142: 40개 제품 발견 (총 5680개)
2025-10-21 16:33:49,085 - INFO - 페이지 143: 40개 제품 발견 (총 5720개)
2025-10-21 16:33:49,997 - INFO - 페이지 144: 40개 제품 발견 (총 5760개)
2025-10-21 16:33:50,913 - INFO - 페이지 145: 40개 제품 발견 (총 5800개)
2025-10-21 16:33:51,832 - INFO - 페이지 146: 40개 제품 발견 (총 5840개)
2025-10-21 16:33:52,752 - INFO - 페이지 147: 40개 제품 발견 (총 5880개)
2025-10-21 16:33:53,662 - INFO - 페이지 148: 40개 제품 발견 (총 5920개)
2025-10-21 16:33:54,564 - INFO - 페이지 149: 40개 제품 발견 (총 5960개)
2025-10-21 16:33:55,468 - INFO - 페이지 150: 40개 제품 발견 (총 6000개)
2025-10-21 16:33:56,378 - INFO - 페이지 151: 40개 제품 발견 (총 6040개)
2025-10-21 16:33:57,282 - INFO - 페이지 152: 40개 제품 발견 (총 6080개)
2025-10-21 16:33:58,238 - INFO - 페이지 153: 40개 제품 발견 (총 6120개)
2025-10-21 16:33:59,143 - INFO - 페이지 154: 40개 제품 발견 (총 6160개)
2025-10-21 16:34:00,058 - INFO - 페이지 155: 40개 제품 발견 (총 6200개)
2025-10-21 16:34:00,957 - INFO - 페이지 156: 40개 제품 발견 (총 6240개)
2025-10-21 16:34:01,889 - INFO - 페이지 157: 40개 제품 발견 (총 6280개)
2025-10-21 16:34:02,820 - INFO - 페이지 158: 40개 제품 발견 (총 6320개)
2025-10-21 16:34:03,728 - INFO - 페이지 159: 40개 제품 발견 (총 6360개)
2025-10-21 16:34:04,627 - INFO - 페이지 160: 40개 제품 발견 (총 6400개)
2025-10-21 16:34:05,550 - INFO - 페이지 161: 40개 제품 발견 (총 6440개)
2025-10-21 16:34:06,484 - INFO - 페이지 162: 40개 제품 발견 (총 6480개)
2025-10-21 16:34:07,393 - INFO - 페이지 163: 40개 제품 발견 (총 6520개)
2025-10-21 16:34:08,287 - INFO - 페이지 164: 40개 제품 발견 (총 6560개)
2025-10-21 16:34:09,205 - INFO - 페이지 165: 40개 제품 발견 (총 6600개)
2025-10-21 16:34:10,125 - INFO - 페이지 166: 40개 제품 발견 (총 6640개)
2025-10-21 16:34:11,080 - INFO - 페이지 167: 40개 제품 발견 (총 6680개)
2025-10-21 16:34:11,986 - INFO - 페이지 168: 40개 제품 발견 (총 6720개)
2025-10-21 16:34:12,900 - INFO - 페이지 169: 40개 제품 발견 (총 6760개)
2025-10-21 16:34:13,901 - INFO - 페이지 170: 40개 제품 발견 (총 6800개)
2025-10-21 16:34:14,816 - INFO - 페이지 171: 40개 제품 발견 (총 6840개)
2025-10-21 16:34:15,715 - INFO - 페이지 172: 40개 제품 발견 (총 6880개)
2025-10-21 16:34:16,616 - INFO - 페이지 173: 40개 제품 발견 (총 6920개)
2025-10-21 16:34:17,532 - INFO - 페이지 174: 40개 제품 발견 (총 6960개)
2025-10-21 16:34:18,449 - INFO - 페이지 175: 40개 제품 발견 (총 7000개)
2025-10-21 16:34:19,358 - INFO - 페이지 176: 40개 제품 발견 (총 7040개)
2025-10-21 16:34:20,268 - INFO - 페이지 177: 40개 제품 발견 (총 7080개)
2025-10-21 16:34:21,168 - INFO - 페이지 178: 40개 제품 발견 (총 7120개)
2025-10-21 16:34:22,078 - INFO - 페이지 179: 40개 제품 발견 (총 7160개)
2025-10-21 16:34:22,984 - INFO - 페이지 180: 40개 제품 발견 (총 7200개)
2025-10-21 16:34:23,915 - INFO - 페이지 181: 40개 제품 발견 (총 7240개)
2025-10-21 16:34:24,836 - INFO - 페이지 182: 40개 제품 발견 (총 7280개)
2025-10-21 16:34:25,739 - INFO - 페이지 183: 40개 제품 발견 (총 7320개)
2025-10-21 16:34:26,732 - INFO - 페이지 184: 40개 제품 발견 (총 7360개)
2025-10-21 16:34:27,625 - INFO - 페이지 185: 40개 제품 발견 (총 7400개)
2025-10-21 16:34:28,566 - INFO - 페이지 186: 40개 제품 발견 (총 7440개)
2025-10-21 16:34:29,470 - INFO - 페이지 187: 40개 제품 발견 (총 7480개)
2025-10-21 16:34:30,394 - INFO - 페이지 188: 40개 제품 발견 (총 7520개)
2025-10-21 16:34:31,310 - INFO - 페이지 189: 40개 제품 발견 (총 7560개)
2025-10-21 16:34:32,230 - INFO - 페이지 190: 40개 제품 발견 (총 7600개)
2025-10-21 16:34:33,130 - INFO - 페이지 191: 40개 제품 발견 (총 7640개)
2025-10-21 16:34:34,031 - INFO - 페이지 192: 40개 제품 발견 (총 7680개)
2025-10-21 16:34:35,029 - INFO - 페이지 193: 40개 제품 발견 (총 7720개)
2025-10-21 16:34:35,940 - INFO - 페이지 194: 40개 제품 발견 (총 7760개)
2025-10-21 16:34:36,835 - INFO - 페이지 195: 40개 제품 발견 (총 7800개)
2025-10-21 16:34:37,744 - INFO - 페이지 196: 40개 제품 발견 (총 7840개)
2025-10-21 16:34:38,656 - INFO - 페이지 197: 40개 제품 발견 (총 7880개)
2025-10-21 16:34:39,561 - INFO - 페이지 198: 40개 제품 발견 (총 7920개)
2025-10-21 16:34:40,464 - INFO - 페이지 199: 40개 제품 발견 (총 7960개)
2025-10-21 16:34:41,382 - INFO - 페이지 200: 40개 제품 발견 (총 8000개)
2025-10-21 16:34:42,428 - INFO - 페이지 201: 40개 제품 발견 (총 8040개)
2025-10-21 16:34:43,402 - INFO - 페이지 202: 40개 제품 발견 (총 8080개)
2025-10-21 16:34:44,317 - INFO - 페이지 203: 40개 제품 발견 (총 8120개)
2025-10-21 16:34:45,258 - INFO - 페이지 204: 40개 제품 발견 (총 8160개)
2025-10-21 16:34:46,167 - INFO - 페이지 205: 40개 제품 발견 (총 8200개)
2025-10-21 16:34:47,063 - INFO - 페이지 206: 40개 제품 발견 (총 8240개)
2025-10-21 16:34:47,985 - INFO - 페이지 207: 40개 제품 발견 (총 8280개)
2025-10-21 16:34:48,901 - INFO - 페이지 208: 40개 제품 발견 (총 8320개)
2025-10-21 16:34:49,807 - INFO - 페이지 209: 40개 제품 발견 (총 8360개)
2025-10-21 16:34:50,789 - INFO - 페이지 210: 40개 제품 발견 (총 8400개)
2025-10-21 16:34:51,742 - INFO - 페이지 211: 40개 제품 발견 (총 8440개)
2025-10-21 16:34:52,656 - INFO - 페이지 212: 40개 제품 발견 (총 8480개)
2025-10-21 16:34:53,562 - INFO - 페이지 213: 40개 제품 발견 (총 8520개)
2025-10-21 16:34:54,499 - INFO - 페이지 214: 40개 제품 발견 (총 8560개)
2025-10-21 16:34:55,421 - INFO - 페이지 215: 40개 제품 발견 (총 8600개)
2025-10-21 16:34:56,351 - INFO - 페이지 216: 40개 제품 발견 (총 8640개)
2025-10-21 16:34:57,267 - INFO - 페이지 217: 40개 제품 발견 (총 8680개)
2025-10-21 16:34:58,179 - INFO - 페이지 218: 40개 제품 발견 (총 8720개)
2025-10-21 16:34:59,142 - INFO - 페이지 219: 40개 제품 발견 (총 8760개)
2025-10-21 16:35:00,070 - INFO - 페이지 220: 40개 제품 발견 (총 8800개)
2025-10-21 16:35:00,988 - INFO - 페이지 221: 40개 제품 발견 (총 8840개)
2025-10-21 16:35:01,907 - INFO - 페이지 222: 40개 제품 발견 (총 8880개)
2025-10-21 16:35:02,830 - INFO - 페이지 223: 40개 제품 발견 (총 8920개)
2025-10-21 16:35:03,752 - INFO - 페이지 224: 40개 제품 발견 (총 8960개)
2025-10-21 16:35:04,669 - INFO - 페이지 225: 40개 제품 발견 (총 9000개)
2025-10-21 16:35:05,587 - INFO - 페이지 226: 40개 제품 발견 (총 9040개)
2025-10-21 16:35:06,520 - INFO - 페이지 227: 40개 제품 발견 (총 9080개)
2025-10-21 16:35:07,489 - INFO - 페이지 228: 40개 제품 발견 (총 9120개)
2025-10-21 16:35:08,399 - INFO - 페이지 229: 40개 제품 발견 (총 9160개)
2025-10-21 16:35:09,305 - INFO - 페이지 230: 40개 제품 발견 (총 9200개)
2025-10-21 16:35:10,222 - INFO - 페이지 231: 25개 제품 발견 (총 9225개)
2025-10-21 16:35:11,083 - INFO - 페이지 232에서 더 이상 제품이 없습니다.
2025-10-21 16:35:11,084 - INFO - 총 9225개 제품 ID 수집 완료
2025-10-21 16:35:11,084 - INFO - 
제품 상세 정보 수집 시작... (총 9225개)
2025-10-21 16:35:29,624 - INFO - 진행률: 50/9225 (0.5%)
2025-10-21 16:35:49,824 - INFO - 진행률: 100/9225 (1.1%)
2025-10-21 16:36:08,784 - INFO - 진행률: 150/9225 (1.6%)
2025-10-21 16:36:27,881 - INFO - 진행률: 200/9225 (2.2%)
2025-10-21 16:36:47,144 - INFO - 진행률: 250/9225 (2.7%)
2025-10-21 16:37:06,106 - INFO - 진행률: 300/9225 (3.3%)
2025-10-21 16:37:25,084 - INFO - 진행률: 350/9225 (3.8%)
2025-10-21 16:37:44,343 - INFO - 진행률: 400/9225 (4.3%)
2025-10-21 16:38:03,539 - INFO - 진행률: 450/9225 (4.9%)
2025-10-21 16:38:22,758 - INFO - 진행률: 500/9225 (5.4%)
2025-10-21 16:38:41,908 - INFO - 진행률: 550/9225 (6.0%)
2025-10-21 16:39:01,080 - INFO - 진행률: 600/9225 (6.5%)
2025-10-21 16:39:20,332 - INFO - 진행률: 650/9225 (7.0%)
2025-10-21 16:39:55,229 - INFO - 진행률: 700/9225 (7.6%)
2025-10-21 16:40:21,927 - INFO - 진행률: 750/9225 (8.1%)
2025-10-21 16:40:41,249 - INFO - 진행률: 800/9225 (8.7%)
2025-10-21 16:41:02,301 - INFO - 진행률: 850/9225 (9.2%)
2025-10-21 16:41:21,485 - INFO - 진행률: 900/9225 (9.8%)
2025-10-21 16:41:41,573 - INFO - 진행률: 950/9225 (10.3%)
2025-10-21 16:42:24,570 - INFO - 진행률: 1000/9225 (10.8%)
2025-10-21 16:42:57,507 - INFO - 진행률: 1050/9225 (11.4%)
2025-10-21 16:43:20,636 - INFO - 진행률: 1100/9225 (11.9%)
2025-10-21 16:43:54,649 - INFO - 진행률: 1150/9225 (12.5%)
2025-10-21 16:44:28,086 - INFO - 진행률: 1200/9225 (13.0%)
2025-10-21 16:44:59,498 - INFO - 진행률: 1250/9225 (13.6%)
2025-10-21 16:45:22,873 - INFO - 진행률: 1300/9225 (14.1%)
2025-10-21 16:45:46,100 - INFO - 진행률: 1350/9225 (14.6%)
2025-10-21 16:46:09,368 - INFO - 진행률: 1400/9225 (15.2%)
2025-10-21 16:46:47,680 - INFO - 진행률: 1450/9225 (15.7%)
2025-10-21 16:47:07,055 - INFO - 진행률: 1500/9225 (16.3%)
2025-10-21 16:47:26,353 - INFO - 진행률: 1550/9225 (16.8%)
2025-10-21 16:47:45,375 - INFO - 진행률: 1600/9225 (17.3%)
2025-10-21 16:48:04,243 - INFO - 진행률: 1650/9225 (17.9%)
2025-10-21 16:48:24,474 - INFO - 진행률: 1700/9225 (18.4%)
2025-10-21 16:48:44,098 - INFO - 진행률: 1750/9225 (19.0%)
2025-10-21 16:49:03,669 - INFO - 진행률: 1800/9225 (19.5%)
2025-10-21 16:49:23,617 - INFO - 진행률: 1850/9225 (20.1%)
2025-10-21 16:49:42,831 - INFO - 진행률: 1900/9225 (20.6%)
2025-10-21 16:50:01,930 - INFO - 진행률: 1950/9225 (21.1%)
2025-10-21 16:50:20,833 - INFO - 진행률: 2000/9225 (21.7%)
2025-10-21 16:50:40,430 - INFO - 진행률: 2050/9225 (22.2%)
2025-10-21 16:51:00,901 - INFO - 진행률: 2100/9225 (22.8%)
2025-10-21 16:51:29,354 - INFO - 진행률: 2150/9225 (23.3%)
2025-10-21 16:51:49,053 - INFO - 진행률: 2200/9225 (23.8%)
2025-10-21 16:52:08,459 - INFO - 진행률: 2250/9225 (24.4%)
2025-10-21 16:53:02,270 - INFO - 진행률: 2300/9225 (24.9%)
2025-10-21 16:53:33,633 - INFO - 진행률: 2350/9225 (25.5%)
2025-10-21 16:54:18,128 - INFO - 진행률: 2400/9225 (26.0%)
2025-10-21 16:54:43,436 - INFO - 진행률: 2450/9225 (26.6%)
2025-10-21 16:55:02,768 - INFO - 진행률: 2500/9225 (27.1%)
2025-10-21 16:55:21,651 - INFO - 진행률: 2550/9225 (27.6%)
2025-10-21 16:55:40,812 - INFO - 진행률: 2600/9225 (28.2%)
2025-10-21 16:55:59,679 - INFO - 진행률: 2650/9225 (28.7%)
2025-10-21 16:56:18,614 - INFO - 진행률: 2700/9225 (29.3%)
2025-10-21 16:56:38,743 - INFO - 진행률: 2750/9225 (29.8%)
2025-10-21 16:56:58,682 - INFO - 진행률: 2800/9225 (30.4%)
2025-10-21 16:57:18,021 - INFO - 진행률: 2850/9225 (30.9%)
2025-10-21 16:57:38,630 - INFO - 진행률: 2900/9225 (31.4%)
2025-10-21 16:57:59,973 - INFO - 진행률: 2950/9225 (32.0%)
2025-10-21 16:58:22,786 - INFO - 진행률: 3000/9225 (32.5%)
2025-10-21 16:58:42,667 - INFO - 진행률: 3050/9225 (33.1%)
2025-10-21 16:59:02,232 - INFO - 진행률: 3100/9225 (33.6%)
2025-10-21 16:59:22,228 - INFO - 진행률: 3150/9225 (34.1%)
2025-10-21 16:59:43,741 - INFO - 진행률: 3200/9225 (34.7%)
2025-10-21 17:00:05,192 - INFO - 진행률: 3250/9225 (35.2%)
2025-10-21 17:00:25,612 - INFO - 진행률: 3300/9225 (35.8%)
2025-10-21 17:00:45,445 - INFO - 진행률: 3350/9225 (36.3%)
2025-10-21 17:01:05,536 - INFO - 진행률: 3400/9225 (36.9%)
2025-10-21 17:01:24,665 - INFO - 진행률: 3450/9225 (37.4%)
2025-10-21 17:01:45,064 - INFO - 진행률: 3500/9225 (37.9%)
2025-10-21 17:02:04,857 - INFO - 진행률: 3550/9225 (38.5%)
2025-10-21 17:02:24,249 - INFO - 진행률: 3600/9225 (39.0%)
2025-10-21 17:02:43,363 - INFO - 진행률: 3650/9225 (39.6%)
2025-10-21 17:03:03,726 - INFO - 진행률: 3700/9225 (40.1%)
2025-10-21 17:03:27,070 - INFO - 진행률: 3750/9225 (40.7%)
2025-10-21 17:03:50,342 - INFO - 진행률: 3800/9225 (41.2%)
2025-10-21 17:04:16,828 - INFO - 진행률: 3850/9225 (41.7%)
2025-10-21 17:04:36,384 - INFO - 진행률: 3900/9225 (42.3%)
2025-10-21 17:05:01,581 - INFO - 진행률: 3950/9225 (42.8%)
2025-10-21 17:05:20,863 - INFO - 진행률: 4000/9225 (43.4%)
2025-10-21 17:05:42,392 - INFO - 진행률: 4050/9225 (43.9%)
2025-10-21 17:06:01,829 - INFO - 진행률: 4100/9225 (44.4%)
2025-10-21 17:06:20,981 - INFO - 진행률: 4150/9225 (45.0%)
2025-10-21 17:06:45,054 - INFO - 진행률: 4200/9225 (45.5%)
2025-10-21 17:07:09,147 - INFO - 진행률: 4250/9225 (46.1%)
2025-10-21 17:07:32,784 - INFO - 진행률: 4300/9225 (46.6%)
2025-10-21 17:07:52,902 - INFO - 진행률: 4350/9225 (47.2%)
2025-10-21 17:08:17,974 - INFO - 진행률: 4400/9225 (47.7%)
2025-10-21 17:08:47,288 - INFO - 진행률: 4450/9225 (48.2%)
2025-10-21 17:09:10,400 - INFO - 진행률: 4500/9225 (48.8%)
2025-10-21 17:09:33,247 - INFO - 진행률: 4550/9225 (49.3%)
2025-10-21 17:09:52,373 - INFO - 진행률: 4600/9225 (49.9%)
2025-10-21 17:10:11,996 - INFO - 진행률: 4650/9225 (50.4%)
2025-10-21 17:10:31,679 - INFO - 진행률: 4700/9225 (50.9%)
2025-10-21 17:10:55,581 - INFO - 진행률: 4750/9225 (51.5%)
2025-10-21 17:11:14,963 - INFO - 진행률: 4800/9225 (52.0%)
2025-10-21 17:11:34,090 - INFO - 진행률: 4850/9225 (52.6%)
2025-10-21 17:11:53,369 - INFO - 진행률: 4900/9225 (53.1%)
2025-10-21 17:12:17,853 - INFO - 진행률: 4950/9225 (53.7%)
2025-10-21 17:12:38,897 - INFO - 진행률: 5000/9225 (54.2%)
2025-10-21 17:13:06,738 - INFO - 진행률: 5050/9225 (54.7%)
2025-10-21 17:13:36,329 - INFO - 진행률: 5100/9225 (55.3%)
2025-10-21 17:14:11,590 - INFO - 진행률: 5150/9225 (55.8%)
2025-10-21 17:14:55,333 - INFO - 진행률: 5200/9225 (56.4%)
2025-10-21 17:15:26,849 - INFO - 진행률: 5250/9225 (56.9%)
2025-10-21 17:15:50,048 - INFO - 진행률: 5300/9225 (57.5%)
2025-10-21 17:16:23,952 - INFO - 진행률: 5350/9225 (58.0%)
2025-10-21 17:16:45,292 - INFO - 진행률: 5400/9225 (58.5%)
2025-10-21 17:17:10,146 - INFO - 진행률: 5450/9225 (59.1%)
2025-10-21 17:17:38,608 - INFO - 진행률: 5500/9225 (59.6%)
2025-10-21 17:18:07,951 - INFO - 진행률: 5550/9225 (60.2%)
2025-10-21 17:18:42,078 - INFO - 진행률: 5600/9225 (60.7%)
2025-10-21 17:19:05,770 - INFO - 진행률: 5650/9225 (61.2%)
2025-10-21 17:19:30,693 - INFO - 진행률: 5700/9225 (61.8%)
2025-10-21 17:20:09,124 - INFO - 진행률: 5750/9225 (62.3%)
2025-10-21 17:20:41,536 - INFO - 진행률: 5800/9225 (62.9%)
2025-10-21 17:21:31,837 - INFO - 진행률: 5850/9225 (63.4%)
2025-10-21 17:21:58,802 - INFO - 진행률: 5900/9225 (64.0%)
2025-10-21 17:22:21,452 - INFO - 진행률: 5950/9225 (64.5%)
2025-10-21 17:22:41,928 - INFO - 진행률: 6000/9225 (65.0%)
2025-10-21 17:23:01,563 - INFO - 진행률: 6050/9225 (65.6%)
2025-10-21 17:23:21,369 - INFO - 진행률: 6100/9225 (66.1%)
2025-10-21 17:23:41,015 - INFO - 진행률: 6150/9225 (66.7%)
2025-10-21 17:24:01,752 - INFO - 진행률: 6200/9225 (67.2%)
2025-10-21 17:24:21,593 - INFO - 진행률: 6250/9225 (67.8%)
2025-10-21 17:24:41,038 - INFO - 진행률: 6300/9225 (68.3%)
2025-10-21 17:25:00,853 - INFO - 진행률: 6350/9225 (68.8%)
2025-10-21 17:25:20,763 - INFO - 진행률: 6400/9225 (69.4%)
2025-10-21 17:25:40,315 - INFO - 진행률: 6450/9225 (69.9%)
2025-10-21 17:26:00,673 - INFO - 진행률: 6500/9225 (70.5%)
2025-10-21 17:26:20,474 - INFO - 진행률: 6550/9225 (71.0%)
2025-10-21 17:26:40,174 - INFO - 진행률: 6600/9225 (71.5%)
2025-10-21 17:27:00,180 - INFO - 진행률: 6650/9225 (72.1%)
2025-10-21 17:27:19,951 - INFO - 진행률: 6700/9225 (72.6%)
2025-10-21 17:27:40,865 - INFO - 진행률: 6750/9225 (73.2%)
2025-10-21 17:28:00,650 - INFO - 진행률: 6800/9225 (73.7%)
2025-10-21 17:28:20,096 - INFO - 진행률: 6850/9225 (74.3%)
2025-10-21 17:28:40,029 - INFO - 진행률: 6900/9225 (74.8%)
2025-10-21 17:28:59,490 - INFO - 진행률: 6950/9225 (75.3%)
2025-10-21 17:29:20,019 - INFO - 진행률: 7000/9225 (75.9%)
2025-10-21 17:29:39,496 - INFO - 진행률: 7050/9225 (76.4%)
2025-10-21 17:29:59,106 - INFO - 진행률: 7100/9225 (77.0%)
2025-10-21 17:30:20,186 - INFO - 진행률: 7150/9225 (77.5%)
2025-10-21 17:30:41,333 - INFO - 진행률: 7200/9225 (78.0%)
2025-10-21 17:31:01,184 - INFO - 진행률: 7250/9225 (78.6%)
2025-10-21 17:31:22,544 - INFO - 진행률: 7300/9225 (79.1%)
2025-10-21 17:31:42,636 - INFO - 진행률: 7350/9225 (79.7%)
2025-10-21 17:32:03,154 - INFO - 진행률: 7400/9225 (80.2%)
2025-10-21 17:32:23,322 - INFO - 진행률: 7450/9225 (80.8%)
2025-10-21 17:32:43,512 - INFO - 진행률: 7500/9225 (81.3%)
2025-10-21 17:33:03,099 - INFO - 진행률: 7550/9225 (81.8%)
2025-10-21 17:33:22,747 - INFO - 진행률: 7600/9225 (82.4%)
2025-10-21 17:33:42,377 - INFO - 진행률: 7650/9225 (82.9%)
2025-10-21 17:34:03,640 - INFO - 진행률: 7700/9225 (83.5%)
2025-10-21 17:34:23,142 - INFO - 진행률: 7750/9225 (84.0%)
2025-10-21 17:34:43,260 - INFO - 진행률: 7800/9225 (84.6%)
2025-10-21 17:35:05,885 - INFO - 진행률: 7850/9225 (85.1%)
2025-10-21 17:35:30,713 - INFO - 진행률: 7900/9225 (85.6%)
2025-10-21 17:35:50,272 - INFO - 진행률: 7950/9225 (86.2%)
2025-10-21 17:36:09,604 - INFO - 진행률: 8000/9225 (86.7%)
2025-10-21 17:36:33,244 - INFO - 진행률: 8050/9225 (87.3%)
2025-10-21 17:36:52,672 - INFO - 진행률: 8100/9225 (87.8%)
2025-10-21 17:37:12,297 - INFO - 진행률: 8150/9225 (88.3%)
2025-10-21 17:37:32,087 - INFO - 진행률: 8200/9225 (88.9%)
2025-10-21 17:37:56,088 - INFO - 진행률: 8250/9225 (89.4%)
2025-10-21 17:38:19,310 - INFO - 진행률: 8300/9225 (90.0%)
2025-10-21 17:38:44,248 - INFO - 진행률: 8350/9225 (90.5%)
2025-10-21 17:39:04,299 - INFO - 진행률: 8400/9225 (91.1%)
2025-10-21 17:39:23,919 - INFO - 진행률: 8450/9225 (91.6%)
2025-10-21 17:39:58,033 - INFO - 진행률: 8500/9225 (92.1%)
2025-10-21 17:40:19,511 - INFO - 진행률: 8550/9225 (92.7%)
2025-10-21 17:40:39,658 - INFO - 진행률: 8600/9225 (93.2%)
2025-10-21 17:41:02,817 - INFO - 진행률: 8650/9225 (93.8%)
2025-10-21 17:41:26,970 - INFO - 진행률: 8700/9225 (94.3%)
2025-10-21 17:41:50,385 - INFO - 진행률: 8750/9225 (94.9%)
2025-10-21 17:42:14,136 - INFO - 진행률: 8800/9225 (95.4%)
2025-10-21 17:42:37,214 - INFO - 진행률: 8850/9225 (95.9%)
2025-10-21 17:42:56,765 - INFO - 진행률: 8900/9225 (96.5%)
2025-10-21 17:43:15,985 - INFO - 진행률: 8950/9225 (97.0%)
2025-10-21 17:43:35,594 - INFO - 진행률: 9000/9225 (97.6%)
2025-10-21 17:43:55,885 - INFO - 진행률: 9050/9225 (98.1%)
2025-10-21 17:44:15,359 - INFO - 진행률: 9100/9225 (98.6%)
2025-10-21 17:44:34,597 - INFO - 진행률: 9150/9225 (99.2%)
2025-10-21 17:44:53,969 - INFO - 진행률: 9200/9225 (99.7%)
2025-10-21 17:45:03,849 - INFO - 
CSV 파일 저장 중: cu_products.csv
2025-10-21 17:45:04,014 - INFO - ✓ CSV 저장 완료: cu_products.csv
2025-10-21 17:45:04,014 - INFO - 
Excel 파일 저장 중: cu_products.xlsx
Traceback (most recent call last):
  File "/home/i0179/Realitylab-site/cu_crawler.py", line 211, in <module>
    main()
  File "/home/i0179/Realitylab-site/cu_crawler.py", line 207, in main
    crawler.crawl_all_products('cu_products')
  File "/home/i0179/Realitylab-site/cu_crawler.py", line 199, in crawl_all_products
    df.to_excel(excel_file, index=False, engine='openpyxl')
  File "/home/i0179/lib/python3.10/site-packages/pandas/util/_decorators.py", line 333, in wrapper
    return func(*args, **kwargs)
  File "/home/i0179/lib/python3.10/site-packages/pandas/core/generic.py", line 2436, in to_excel
    formatter.write(
  File "/home/i0179/lib/python3.10/site-packages/pandas/io/formats/excel.py", line 952, in write
    writer._write_cells(
  File "/home/i0179/lib/python3.10/site-packages/pandas/io/excel/_openpyxl.py", line 490, in _write_cells
    xcell.value, fmt = self._value_with_fmt(cell.val)
  File "/home/i0179/lib/python3.10/site-packages/openpyxl/cell/cell.py", line 218, in value
    self._bind_value(value)
  File "/home/i0179/lib/python3.10/site-packages/openpyxl/cell/cell.py", line 197, in _bind_value
    value = self.check_string(value)
  File "/home/i0179/lib/python3.10/site-packages/openpyxl/cell/cell.py", line 165, in check_string
    raise IllegalCharacterError(f"{value} cannot be used in worksheets.")
openpyxl.utils.exceptions.IllegalCharacterError: [CU단독]치킨브랜드 "오빠닭(오븐에빠진닭)" 콜라보 상품! Best 인기 맛 적용 오리지널 훈제구이
, 은은한 훈영향이 입혀진 쫄깃한 닭다리 cannot be used in worksheets.
