Configuration file: /home/i0179/Realitylab-site/_config.yml
To use retry middleware with Faraday v2.0+, install `faraday-retry` gem
            Source: /home/i0179/Realitylab-site
       Destination: /home/i0179/Realitylab-site/_site
 Incremental build: disabled. Enable with --incremental
      Generating... 
                    done in 1.508 seconds.
 Auto-regeneration: enabled for '/home/i0179/Realitylab-site'
jekyll 3.10.0 | Error:  Address already in use - bind(2) for 0.0.0.0:4000
/home/i0179/miniconda3/envs/RS/lib/ruby/3.4.0/socket.rb:205:in 'Socket#bind': Address already in use - bind(2) for 0.0.0.0:4000 (Errno::EADDRINUSE)
	from /home/i0179/miniconda3/envs/RS/lib/ruby/3.4.0/socket.rb:205:in 'Addrinfo#listen'
	from /home/i0179/miniconda3/envs/RS/lib/ruby/3.4.0/socket.rb:1190:in 'block in Socket.tcp_server_sockets'
	from /home/i0179/miniconda3/envs/RS/lib/ruby/3.4.0/socket.rb:231:in 'Array#each'
	from /home/i0179/miniconda3/envs/RS/lib/ruby/3.4.0/socket.rb:231:in 'Addrinfo.foreach'
	from /home/i0179/miniconda3/envs/RS/lib/ruby/3.4.0/socket.rb:1188:in 'Socket.tcp_server_sockets'
	from /home/i0179/miniconda3/envs/RS/share/rubygems/gems/webrick-1.9.1/lib/webrick/utils.rb:60:in 'WEBrick::Utils.create_listeners'
	from /home/i0179/miniconda3/envs/RS/share/rubygems/gems/webrick-1.9.1/lib/webrick/server.rb:130:in 'WEBrick::GenericServer#listen'
	from /home/i0179/miniconda3/envs/RS/share/rubygems/gems/webrick-1.9.1/lib/webrick/server.rb:111:in 'WEBrick::GenericServer#initialize'
	from /home/i0179/miniconda3/envs/RS/share/rubygems/gems/webrick-1.9.1/lib/webrick/httpserver.rb:47:in 'WEBrick::HTTPServer#initialize'
	from /home/i0179/miniconda3/envs/RS/share/rubygems/gems/jekyll-3.10.0/lib/jekyll/commands/serve.rb:229:in 'Class#new'
	from /home/i0179/miniconda3/envs/RS/share/rubygems/gems/jekyll-3.10.0/lib/jekyll/commands/serve.rb:229:in 'Jekyll::Commands::Serve.start_up_webrick'
	from /home/i0179/miniconda3/envs/RS/share/rubygems/gems/jekyll-3.10.0/lib/jekyll/commands/serve.rb:104:in 'Jekyll::Commands::Serve.process'
	from /home/i0179/miniconda3/envs/RS/share/rubygems/gems/jekyll-3.10.0/lib/jekyll/commands/serve.rb:93:in 'block in Jekyll::Commands::Serve.start'
	from /home/i0179/miniconda3/envs/RS/share/rubygems/gems/jekyll-3.10.0/lib/jekyll/commands/serve.rb:93:in 'Array#each'
	from /home/i0179/miniconda3/envs/RS/share/rubygems/gems/jekyll-3.10.0/lib/jekyll/commands/serve.rb:93:in 'Jekyll::Commands::Serve.start'
	from /home/i0179/miniconda3/envs/RS/share/rubygems/gems/jekyll-3.10.0/lib/jekyll/commands/serve.rb:75:in 'block (2 levels) in Jekyll::Commands::Serve.init_with_program'
	from /home/i0179/miniconda3/envs/RS/share/rubygems/gems/mercenary-0.3.6/lib/mercenary/command.rb:220:in 'block in Mercenary::Command#execute'
	from /home/i0179/miniconda3/envs/RS/share/rubygems/gems/mercenary-0.3.6/lib/mercenary/command.rb:220:in 'Array#each'
	from /home/i0179/miniconda3/envs/RS/share/rubygems/gems/mercenary-0.3.6/lib/mercenary/command.rb:220:in 'Mercenary::Command#execute'
	from /home/i0179/miniconda3/envs/RS/share/rubygems/gems/mercenary-0.3.6/lib/mercenary/program.rb:42:in 'Mercenary::Program#go'
	from /home/i0179/miniconda3/envs/RS/share/rubygems/gems/mercenary-0.3.6/lib/mercenary.rb:19:in 'Mercenary.program'
	from /home/i0179/miniconda3/envs/RS/share/rubygems/gems/jekyll-3.10.0/exe/jekyll:15:in '<top (required)>'
	from /home/i0179/miniconda3/envs/RS/share/rubygems/bin/jekyll:25:in 'Kernel#load'
	from /home/i0179/miniconda3/envs/RS/share/rubygems/bin/jekyll:25:in '<top (required)>'
	from /home/i0179/miniconda3/envs/RS/share/rubygems/gems/bundler-2.7.1/lib/bundler/cli/exec.rb:59:in 'Kernel.load'
	from /home/i0179/miniconda3/envs/RS/share/rubygems/gems/bundler-2.7.1/lib/bundler/cli/exec.rb:59:in 'Bundler::CLI::Exec#kernel_load'
	from /home/i0179/miniconda3/envs/RS/share/rubygems/gems/bundler-2.7.1/lib/bundler/cli/exec.rb:23:in 'Bundler::CLI::Exec#run'
	from /home/i0179/miniconda3/envs/RS/share/rubygems/gems/bundler-2.7.1/lib/bundler/cli.rb:451:in 'Bundler::CLI#exec'
	from /home/i0179/miniconda3/envs/RS/share/rubygems/gems/bundler-2.7.1/lib/bundler/vendor/thor/lib/thor/command.rb:28:in 'Bundler::Thor::Command#run'
	from /home/i0179/miniconda3/envs/RS/share/rubygems/gems/bundler-2.7.1/lib/bundler/vendor/thor/lib/thor/invocation.rb:127:in 'Bundler::Thor::Invocation#invoke_command'
	from /home/i0179/miniconda3/envs/RS/share/rubygems/gems/bundler-2.7.1/lib/bundler/vendor/thor/lib/thor.rb:538:in 'Bundler::Thor.dispatch'
	from /home/i0179/miniconda3/envs/RS/share/rubygems/gems/bundler-2.7.1/lib/bundler/cli.rb:35:in 'Bundler::CLI.dispatch'
	from /home/i0179/miniconda3/envs/RS/share/rubygems/gems/bundler-2.7.1/lib/bundler/vendor/thor/lib/thor/base.rb:584:in 'Bundler::Thor::Base::ClassMethods#start'
	from /home/i0179/miniconda3/envs/RS/share/rubygems/gems/bundler-2.7.1/lib/bundler/cli.rb:29:in 'Bundler::CLI.start'
	from /home/i0179/miniconda3/envs/RS/share/rubygems/gems/bundler-2.7.1/exe/bundle:28:in 'block in <top (required)>'
	from /home/i0179/miniconda3/envs/RS/share/rubygems/gems/bundler-2.7.1/lib/bundler/friendly_errors.rb:118:in 'Bundler.with_friendly_errors'
	from /home/i0179/miniconda3/envs/RS/share/rubygems/gems/bundler-2.7.1/exe/bundle:20:in '<top (required)>'
	from /home/i0179/miniconda3/envs/RS/share/rubygems/bin/bundle:36:in 'Kernel#load'
	from /home/i0179/miniconda3/envs/RS/share/rubygems/bin/bundle:36:in '<main>'
